<?xml version="1.0" encoding="UTF-8"?>
<!-- Generated by org.testng.reporters.JUnitReportReporter -->
<testsuite skipped="0" hostname="LAPTOP-2NSMLEPE" name="Jenkins.Test.testNG_OpenBrowser" tests="1" failures="0" timestamp="30 Oct 2019 19:30:08 GMT" time="1.578" errors="0">
  <testcase name="testEasy" time="1.578" classname="Jenkins.Test.testNG_OpenBrowser"/>
</testsuite> <!-- Jenkins.Test.testNG_OpenBrowser -->
