<?xml version="1.0" encoding="UTF-8"?>
<!-- Generated by org.testng.reporters.JUnitReportReporter -->
<testsuite skipped="0" hostname="LAPTOP-2NSMLEPE" name="Jenkins.Test.testNG_OpenBrowser" tests="1" failures="0" timestamp="29 Oct 2019 19:38:05 GMT" time="4.874" errors="0">
  <testcase name="testEasy" time="4.874" classname="Jenkins.Test.testNG_OpenBrowser"/>
</testsuite> <!-- Jenkins.Test.testNG_OpenBrowser -->
